c:\users\car\desktop\poop\poop2\poop2\poop2\x64\debug\vc141.pdb
c:\users\car\desktop\poop\poop2\poop2\poop2\x64\debug\vc141.idb
c:\users\car\desktop\poop\poop2\poop2\poop2\x64\debug\source.obj
c:\users\car\desktop\poop\poop2\poop2\poop2\x64\debug\poop_midiformatter.obj
c:\users\car\desktop\poop\poop2\poop2\poop2\x64\debug\part.obj
c:\users\car\desktop\poop\poop2\poop2\poop2\x64\debug\options.obj
c:\users\car\desktop\poop\poop2\poop2\poop2\x64\debug\miditable.obj
c:\users\car\desktop\poop\poop2\poop2\poop2\x64\debug\midimessage.obj
c:\users\car\desktop\poop\poop2\poop2\poop2\x64\debug\midifile.obj
c:\users\car\desktop\poop\poop2\poop2\poop2\x64\debug\midieventlist.obj
c:\users\car\desktop\poop\poop2\poop2\poop2\x64\debug\midievent.obj
c:\users\car\desktop\poop\poop2\poop2\poop2\x64\debug\measure.obj
c:\users\car\desktop\poop\poop2\poop2\poop2\x64\debug\kompozicija.obj
c:\users\car\desktop\poop\poop2\poop2\poop2\x64\debug\binasc.obj
c:\users\car\desktop\poop\poop2\poop2\x64\debug\poop2.ilk
c:\users\car\desktop\poop\poop2\poop2\x64\debug\poop2.exe
c:\users\car\desktop\poop\poop2\poop2\x64\debug\poop2.pdb
c:\users\car\desktop\poop\poop2\poop2\x64\debug\poop2.lib
c:\users\car\desktop\poop\poop2\poop2\x64\debug\poop2.exp
c:\users\car\desktop\poop\poop2\poop2\poop2\x64\debug\poop2.tlog\cl.command.1.tlog
c:\users\car\desktop\poop\poop2\poop2\poop2\x64\debug\poop2.tlog\cl.read.1.tlog
c:\users\car\desktop\poop\poop2\poop2\poop2\x64\debug\poop2.tlog\cl.write.1.tlog
c:\users\car\desktop\poop\poop2\poop2\poop2\x64\debug\poop2.tlog\link.command.1.tlog
c:\users\car\desktop\poop\poop2\poop2\poop2\x64\debug\poop2.tlog\link.read.1.tlog
c:\users\car\desktop\poop\poop2\poop2\poop2\x64\debug\poop2.tlog\link.write.1.tlog
c:\users\car\desktop\poop\poop2\poop2\poop2\x64\debug\poop2.tlog\poop2.write.1u.tlog
